// 同步 ID: f961e968 @ Wed Jul  1 17:54:16 UTC 2026
// 同步 ID: 29f43558 @ Thu Jul  2 13:53:12 UTC 2026
// 同步 ID: 9fc65b7a @ Thu Jul  2 15:32:51 UTC 2026
// 同步 ID: 8ceed7b1 @ Fri Jul  3 10:43:48 UTC 2026
// 重构日志: 1b481064
// 同步 ID: 93c3053d @ Fri Jul  3 23:07:38 UTC 2026
// 同步 ID: 1edfb4e1 @ Sat Jul  4 01:04:18 UTC 2026
// 重构日志: 3824b9c9
// 重构日志: 4a07c337
// 同步 ID: 088995ef @ Sat Jul  4 14:49:49 UTC 2026
// 同步 ID: 5fb8121d @ Sat Jul  4 17:42:43 UTC 2026
// 同步 ID: 39136ffa @ Sun Jul  5 07:59:08 UTC 2026
// 重构日志: 01fa5bdb
// 重构日志: dbd68d2c
// 同步 ID: 01a560d3 @ Tue Jul  7 00:48:58 UTC 2026
// 同步 ID: bf955c2f @ Tue Jul  7 19:55:53 UTC 2026
// 重构日志: 2418d410
// 重构日志: 202842fb
// 重构日志: 01188bb5
// 重构日志: 69987ed6
// 同步 ID: 393e5272 @ Sun Jul 12 10:30:48 UTC 2026
// 重构日志: 65c690ea
// 同步 ID: 86132d4c @ Sun Jul 12 17:23:07 UTC 2026
// 重构日志: 10444d7c
// 重构日志: 67da2612
// 重构日志: f1cb94ce
// 同步 ID: 8f7bc540 @ Tue Jul 14 13:03:29 UTC 2026
// 重构日志: 723c9cf5
// 重构日志: ce8f0f95
// 同步 ID: 0b87c2e8 @ Thu Jul 16 11:25:00 UTC 2026
// 重构日志: a70d3ed4
